#
# There is insufficient memory for the Java Runtime Environment to continue.
# Native memory allocation (malloc) failed to allocate 8248 bytes for AllocateHeap
# Possible reasons:
#   The system is out of physical RAM or swap space
#   The process is running with CompressedOops enabled, and the Java Heap may be blocking the growth of the native heap
# Possible solutions:
#   Reduce memory load on the system
#   Increase physical memory or swap space
#   Check if swap backing store is full
#   Decrease Java heap size (-Xmx/-Xms)
#   Decrease number of Java threads
#   Decrease Java thread stack sizes (-Xss)
#   Set larger code cache with -XX:ReservedCodeCacheSize=
#   JVM is running with Unscaled Compressed Oops mode in which the Java heap is
#     placed in the first 4GB address space. The Java Heap base address is the
#     maximum limit for the native heap growth. Please use -XX:HeapBaseMinAddress
#     to set the Java Heap base and to place the Java Heap above 4GB virtual address.
# This output file may be truncated or incomplete.
#
#  Out of Memory Error (memory/allocation.inline.hpp:63), pid=14604, tid=14812
#
# JRE version: Java(TM) SE Runtime Environment (10.0+46) (build 10+46)
# Java VM: Java HotSpot(TM) 64-Bit Server VM (10+46, mixed mode, tiered, compressed oops, g1 gc, windows-amd64)
# No core dump will be written. Minidumps are not enabled by default on client versions of Windows
#

---------------  S U M M A R Y ------------

Command Line: -agentlib:jdwp=transport=dt_socket,suspend=y,address=localhost:61666 -Dfile.encoding=Cp1252 banking.MyBank

Host: Intel(R) Core(TM) i3-2350M CPU @ 2.30GHz, 4 cores, 5G,  Windows 10 , 64 bit Build 17134 (10.0.17134.1)
Time: Wed Aug 08 21:29:39 2018 Central Daylight Time elapsed time: 1 seconds (0d 0h 0m 1s)

---------------  T H R E A D  ---------------

Current thread (0x0000023f03cb0800):  JavaThread "main" [_thread_in_vm, id=14812, stack(0x00000089a6400000,0x00000089a6500000)] _threads_hazard_ptr=0x0000023f22d72c70

Stack: [0x00000089a6400000,0x00000089a6500000]
Native frames: (J=compiled Java code, j=interpreted, Vv=VM code, C=native code)
V  [jvm.dll+0x59fbf9]
V  [jvm.dll+0x6bca11]
V  [jvm.dll+0x6bdc06]
V  [jvm.dll+0x6be293]
V  [jvm.dll+0x234ba8]
V  [jvm.dll+0xb2f3a]
V  [jvm.dll+0x68d799]
V  [jvm.dll+0x6834d8]
V  [jvm.dll+0x460712]
V  [jvm.dll+0x42ea82]
C  [jdwp.dll+0x25ccc]


---------------  P R O C E S S  ---------------

Threads class SMR info:
_java_thread_list=0x0000023f22f31510, length=10, elements={
0x0000023f03cb0800, 0x0000023f22118800, 0x0000023f22119800, 0x0000023f22d75800,
0x0000023f22d76000, 0x0000023f22d79000, 0x0000023f22dd2800, 0x0000023f22ddb800,
0x0000023f22de2800, 0x0000023f22f3b000
}
_to_delete_list=0x0000023f22d72c70, length=9, elements={
0x0000023f03cb0800, 0x0000023f22118800, 0x0000023f22119800, 0x0000023f22d75800,
0x0000023f22d76000, 0x0000023f22d79000, 0x0000023f22dd2800, 0x0000023f22ddb800,
0x0000023f22de2800
}

Java Threads: ( => current thread )
=>0x0000023f03cb0800 JavaThread "main" [_thread_in_vm, id=14812, stack(0x00000089a6400000,0x00000089a6500000)] _threads_hazard_ptr=0x0000023f22d72c70
  0x0000023f22118800 JavaThread "Reference Handler" daemon [_thread_blocked, id=5224, stack(0x00000089a7100000,0x00000089a7200000)]
  0x0000023f22119800 JavaThread "Finalizer" daemon [_thread_blocked, id=14284, stack(0x00000089a7200000,0x00000089a7300000)]
  0x0000023f22d75800 JavaThread "Signal Dispatcher" daemon [_thread_blocked, id=4280, stack(0x00000089a7300000,0x00000089a7400000)]
  0x0000023f22d76000 JavaThread "Attach Listener" daemon [_thread_blocked, id=16116, stack(0x00000089a7400000,0x00000089a7500000)]
  0x0000023f22d79000 JavaThread "C2 CompilerThread0" daemon [_thread_blocked, id=16520, stack(0x00000089a7500000,0x00000089a7600000)]
  0x0000023f22dd2800 JavaThread "C2 CompilerThread1" daemon [_thread_blocked, id=4984, stack(0x00000089a7600000,0x00000089a7700000)]
  0x0000023f22ddb800 JavaThread "C1 CompilerThread2" daemon [_thread_blocked, id=5352, stack(0x00000089a7700000,0x00000089a7800000)]
  0x0000023f22de2800 JavaThread "Sweeper thread" daemon [_thread_blocked, id=9456, stack(0x00000089a7800000,0x00000089a7900000)]
  0x0000023f22f3b000 JavaThread "JDWP Transport Listener: dt_socket" daemon [_thread_new, id=12828, stack(0x0000000000000000,0x0000000000000000)]

Other Threads:
  0x0000023f22144800 VMThread "VM Thread" [stack: 0x00000089a7000000,0x00000089a7100000] [id=12928]
  0x0000023f03cca800 GCTaskThread "GC Thread#0" [stack: 0x00000089a6500000,0x00000089a6600000] [id=11852]
  0x0000023f03ccc000 GCTaskThread "GC Thread#1" [stack: 0x00000089a6600000,0x00000089a6700000] [id=2288]
  0x0000023f03cce000 GCTaskThread "GC Thread#2" [stack: 0x00000089a6700000,0x00000089a6800000] [id=12808]
  0x0000023f03ccf800 GCTaskThread "GC Thread#3" [stack: 0x00000089a6800000,0x00000089a6900000] [id=10244]
  0x0000023f03d2f000 ConcurrentGCThread "G1 Main Marker" [stack: 0x00000089a6900000,0x00000089a6a00000] [id=9188]
  0x0000023f03d3a000 ConcurrentGCThread "G1 Conc#0" [stack: 0x00000089a6a00000,0x00000089a6b00000] [id=14524]
  0x0000023f21fbf000 ConcurrentGCThread "G1 Refine#0" [stack: 0x00000089a6b00000,0x00000089a6c00000] [id=14708]
  0x0000023f21fc2000 ConcurrentGCThread "G1 Refine#1" [stack: 0x00000089a6c00000,0x00000089a6d00000] [id=7396]
  0x0000023f21fc3800 ConcurrentGCThread "G1 Refine#2" [stack: 0x00000089a6d00000,0x00000089a6e00000] [id=11056]
  0x0000023f21fc4800 ConcurrentGCThread "G1 Refine#3" [stack: 0x00000089a6e00000,0x00000089a6f00000] [id=16032]
  0x0000023f21fc8800 ConcurrentGCThread "G1 Young RemSet Sampling" [stack: 0x00000089a6f00000,0x00000089a7000000] [id=11040]

Threads with active compile tasks:

VM state:not at safepoint (normal execution)

VM Mutex/Monitor currently owned by a thread:  ([mutex/lock_event])
[0x0000023f03caf1e0] Threads_lock - owner thread: 0x0000023f03cb0800

Heap address: 0x00000000a0c00000, size: 1524 MB, Compressed Oops mode: 32-bit
Narrow klass base: 0x0000000000000000, Narrow klass shift: 3
Compressed class space size: 1073741824 Address: 0x0000000100000000

Heap:
 garbage-first heap   total 98304K, used 1024K [0x00000000a0c00000, 0x0000000100000000)
  region size 1024K, 2 young (2048K), 0 survivors (0K)
 Metaspace       used 2867K, capacity 3016K, committed 3200K, reserved 1060864K
  class space    used 264K, capacity 384K, committed 384K, reserved 1048576K
Heap Regions: E=young(eden), S=young(survivor), O=old, HS=humongous(starts), HC=humongous(continues), CS=collection set, F=free, A=archive, TS=gc time stamp, AC=allocation context, TAMS=top-at-mark-start (previous, next)
|   0|0x00000000a0c00000, 0x00000000a0c00000, 0x00000000a0d00000|  0%| F|  |TS  0|AC  0|TAMS 0x00000000a0c00000, 0x00000000a0c00000|
|   1|0x00000000a0d00000, 0x00000000a0d00000, 0x00000000a0e00000|  0%| F|  |TS  0|AC  0|TAMS 0x00000000a0d00000, 0x00000000a0d00000|
|   2|0x00000000a0e00000, 0x00000000a0e00000, 0x00000000a0f00000|  0%| F|  |TS  0|AC  0|TAMS 0x00000000a0e00000, 0x00000000a0e00000|
|   3|0x00000000a0f00000, 0x00000000a0f00000, 0x00000000a1000000|  0%| F|  |TS  0|AC  0|TAMS 0x00000000a0f00000, 0x00000000a0f00000|
|   4|0x00000000a1000000, 0x00000000a1000000, 0x00000000a1100000|  0%| F|  |TS  0|AC  0|TAMS 0x00000000a1000000, 0x00000000a1000000|
|   5|0x00000000a1100000, 0x00000000a1100000, 0x00000000a1200000|  0%| F|  |TS  0|AC  0|TAMS 0x00000000a1100000, 0x00000000a1100000|
|   6|0x00000000a1200000, 0x00000000a1200000, 0x00000000a1300000|  0%| F|  |TS  0|AC  0|TAMS 0x00000000a1200000, 0x00000000a1200000|
|   7|0x00000000a1300000, 0x00000000a1300000, 0x00000000a1400000|  0%| F|  |TS  0|AC  0|TAMS 0x00000000a1300000, 0x00000000a1300000|
|   8|0x00000000a1400000, 0x00000000a1400000, 0x00000000a1500000|  0%| F|  |TS  0|AC  0|TAMS 0x00000000a1400000, 0x00000000a1400000|
|   9|0x00000000a1500000, 0x00000000a1500000, 0x00000000a1600000|  0%| F|  |TS  0|AC  0|TAMS 0x00000000a1500000, 0x00000000a1500000|
|  10|0x00000000a1600000, 0x00000000a1600000, 0x00000000a1700000|  0%| F|  |TS  0|AC  0|TAMS 0x00000000a1600000, 0x00000000a1600000|
|  11|0x00000000a1700000, 0x00000000a1700000, 0x00000000a1800000|  0%| F|  |TS  0|AC  0|TAMS 0x00000000a1700000, 0x00000000a1700000|
|  12|0x00000000a1800000, 0x00000000a1800000, 0x00000000a1900000|  0%| F|  |TS  0|AC  0|TAMS 0x00000000a1800000, 0x00000000a1800000|
|  13|0x00000000a1900000, 0x00000000a1900000, 0x00000000a1a00000|  0%| F|  |TS  0|AC  0|TAMS 0x00000000a1900000, 0x00000000a1900000|
|  14|0x00000000a1a00000, 0x00000000a1a00000, 0x00000000a1b00000|  0%| F|  |TS  0|AC  0|TAMS 0x00000000a1a00000, 0x00000000a1a00000|
|  15|0x00000000a1b00000, 0x00000000a1b00000, 0x00000000a1c00000|  0%| F|  |TS  0|AC  0|TAMS 0x00000000a1b00000, 0x00000000a1b00000|
|  16|0x00000000a1c00000, 0x00000000a1c00000, 0x00000000a1d00000|  0%| F|  |TS  0|AC  0|TAMS 0x00000000a1c00000, 0x00000000a1c00000|
|  17|0x00000000a1d00000, 0x00000000a1d00000, 0x00000000a1e00000|  0%| F|  |TS  0|AC  0|TAMS 0x00000000a1d00000, 0x00000000a1d00000|
|  18|0x00000000a1e00000, 0x00000000a1e00000, 0x00000000a1f00000|  0%| F|  |TS  0|AC  0|TAMS 0x00000000a1e00000, 0x00000000a1e00000|
|  19|0x00000000a1f00000, 0x00000000a1f00000, 0x00000000a2000000|  0%| F|  |TS  0|AC  0|TAMS 0x00000000a1f00000, 0x00000000a1f00000|
|  20|0x00000000a2000000, 0x00000000a2000000, 0x00000000a2100000|  0%| F|  |TS  0|AC  0|TAMS 0x00000000a2000000, 0x00000000a2000000|
|  21|0x00000000a2100000, 0x00000000a2100000, 0x00000000a2200000|  0%| F|  |TS  0|AC  0|TAMS 0x00000000a2100000, 0x00000000a2100000|
|  22|0x00000000a2200000, 0x00000000a2200000, 0x00000000a2300000|  0%| F|  |TS  0|AC  0|TAMS 0x00000000a2200000, 0x00000000a2200000|
|  23|0x00000000a2300000, 0x00000000a2300000, 0x00000000a2400000|  0%| F|  |TS  0|AC  0|TAMS 0x00000000a2300000, 0x00000000a2300000|
|  24|0x00000000a2400000, 0x00000000a2400000, 0x00000000a2500000|  0%| F|  |TS  0|AC  0|TAMS 0x00000000a2400000, 0x00000000a2400000|
|  25|0x00000000a2500000, 0x00000000a2500000, 0x00000000a2600000|  0%| F|  |TS  0|AC  0|TAMS 0x00000000a2500000, 0x00000000a2500000|
|  26|0x00000000a2600000, 0x00000000a2600000, 0x00000000a2700000|  0%| F|  |TS  0|AC  0|TAMS 0x00000000a2600000, 0x00000000a2600000|
|  27|0x00000000a2700000, 0x00000000a2700000, 0x00000000a2800000|  0%| F|  |TS  0|AC  0|TAMS 0x00000000a2700000, 0x00000000a2700000|
|  28|0x00000000a2800000, 0x00000000a2800000, 0x00000000a2900000|  0%| F|  |TS  0|AC  0|TAMS 0x00000000a2800000, 0x00000000a2800000|
|  29|0x00000000a2900000, 0x00000000a2900000, 0x00000000a2a00000|  0%| F|  |TS  0|AC  0|TAMS 0x00000000a2900000, 0x00000000a2900000|
|  30|0x00000000a2a00000, 0x00000000a2a00000, 0x00000000a2b00000|  0%| F|  |TS  0|AC  0|TAMS 0x00000000a2a00000, 0x00000000a2a00000|
|  31|0x00000000a2b00000, 0x00000000a2b00000, 0x00000000a2c00000|  0%| F|  |TS  0|AC  0|TAMS 0x00000000a2b00000, 0x00000000a2b00000|
|  32|0x00000000a2c00000, 0x00000000a2c00000, 0x00000000a2d00000|  0%| F|  |TS  0|AC  0|TAMS 0x00000000a2c00000, 0x00000000a2c00000|
|  33|0x00000000a2d00000, 0x00000000a2d00000, 0x00000000a2e00000|  0%| F|  |TS  0|AC  0|TAMS 0x00000000a2d00000, 0x00000000a2d00000|
|  34|0x00000000a2e00000, 0x00000000a2e00000, 0x00000000a2f00000|  0%| F|  |TS  0|AC  0|TAMS 0x00000000a2e00000, 0x00000000a2e00000|
|  35|0x00000000a2f00000, 0x00000000a2f00000, 0x00000000a3000000|  0%| F|  |TS  0|AC  0|TAMS 0x00000000a2f00000, 0x00000000a2f00000|
|  36|0x00000000a3000000, 0x00000000a3000000, 0x00000000a3100000|  0%| F|  |TS  0|AC  0|TAMS 0x00000000a3000000, 0x00000000a3000000|
|  37|0x00000000a3100000, 0x00000000a3100000, 0x00000000a3200000|  0%| F|  |TS  0|AC  0|TAMS 0x00000000a3100000, 0x00000000a3100000|
|  38|0x00000000a3200000, 0x00000000a3200000, 0x00000000a3300000|  0%| F|  |TS  0|AC  0|TAMS 0x00000000a3200000, 0x00000000a3200000|
|  39|0x00000000a3300000, 0x00000000a3300000, 0x00000000a3400000|  0%| F|  |TS  0|AC  0|TAMS 0x00000000a3300000, 0x00000000a3300000|
|  40|0x00000000a3400000, 0x00000000a3400000, 0x00000000a3500000|  0%| F|  |TS  0|AC  0|TAMS 0x00000000a3400000, 0x00000000a3400000|
|  41|0x00000000a3500000, 0x00000000a3500000, 0x00000000a3600000|  0%| F|  |TS  0|AC  0|TAMS 0x00000000a3500000, 0x00000000a3500000|
|  42|0x00000000a3600000, 0x00000000a3600000, 0x00000000a3700000|  0%| F|  |TS  0|AC  0|TAMS 0x00000000a3600000, 0x00000000a3600000|
|  43|0x00000000a3700000, 0x00000000a3700000, 0x00000000a3800000|  0%| F|  |TS  0|AC  0|TAMS 0x00000000a3700000, 0x00000000a3700000|
|  44|0x00000000a3800000, 0x00000000a3800000, 0x00000000a3900000|  0%| F|  |TS  0|AC  0|TAMS 0x00000000a3800000, 0x00000000a3800000|
|  45|0x00000000a3900000, 0x00000000a3900000, 0x00000000a3a00000|  0%| F|  |TS  0|AC  0|TAMS 0x00000000a3900000, 0x00000000a3900000|
|  46|0x00000000a3a00000, 0x00000000a3a00000, 0x00000000a3b00000|  0%| F|  |TS  0|AC  0|TAMS 0x00000000a3a00000, 0x00000000a3a00000|
|  47|0x00000000a3b00000, 0x00000000a3b00000, 0x00000000a3c00000|  0%| F|  |TS  0|AC  0|TAMS 0x00000000a3b00000, 0x00000000a3b00000|
|  48|0x00000000a3c00000, 0x00000000a3c00000, 0x00000000a3d00000|  0%| F|  |TS  0|AC  0|TAMS 0x00000000a3c00000, 0x00000000a3c00000|
|  49|0x00000000a3d00000, 0x00000000a3d00000, 0x00000000a3e00000|  0%| F|  |TS  0|AC  0|TAMS 0x00000000a3d00000, 0x00000000a3d00000|
|  50|0x00000000a3e00000, 0x00000000a3e00000, 0x00000000a3f00000|  0%| F|  |TS  0|AC  0|TAMS 0x00000000a3e00000, 0x00000000a3e00000|
|  51|0x00000000a3f00000, 0x00000000a3f00000, 0x00000000a4000000|  0%| F|  |TS  0|AC  0|TAMS 0x00000000a3f00000, 0x00000000a3f00000|
|  52|0x00000000a4000000, 0x00000000a4000000, 0x00000000a4100000|  0%| F|  |TS  0|AC  0|TAMS 0x00000000a4000000, 0x00000000a4000000|
|  53|0x00000000a4100000, 0x00000000a4100000, 0x00000000a4200000|  0%| F|  |TS  0|AC  0|TAMS 0x00000000a4100000, 0x00000000a4100000|
|  54|0x00000000a4200000, 0x00000000a4200000, 0x00000000a4300000|  0%| F|  |TS  0|AC  0|TAMS 0x00000000a4200000, 0x00000000a4200000|
|  55|0x00000000a4300000, 0x00000000a4300000, 0x00000000a4400000|  0%| F|  |TS  0|AC  0|TAMS 0x00000000a4300000, 0x00000000a4300000|
|  56|0x00000000a4400000, 0x00000000a4400000, 0x00000000a4500000|  0%| F|  |TS  0|AC  0|TAMS 0x00000000a4400000, 0x00000000a4400000|
|  57|0x00000000a4500000, 0x00000000a4500000, 0x00000000a4600000|  0%| F|  |TS  0|AC  0|TAMS 0x00000000a4500000, 0x00000000a4500000|
|  58|0x00000000a4600000, 0x00000000a4600000, 0x00000000a4700000|  0%| F|  |TS  0|AC  0|TAMS 0x00000000a4600000, 0x00000000a4600000|
|  59|0x00000000a4700000, 0x00000000a4700000, 0x00000000a4800000|  0%| F|  |TS  0|AC  0|TAMS 0x00000000a4700000, 0x00000000a4700000|
|  60|0x00000000a4800000, 0x00000000a4800000, 0x00000000a4900000|  0%| F|  |TS  0|AC  0|TAMS 0x00000000a4800000, 0x00000000a4800000|
|  61|0x00000000a4900000, 0x00000000a4900000, 0x00000000a4a00000|  0%| F|  |TS  0|AC  0|TAMS 0x00000000a4900000, 0x00000000a4900000|
|  62|0x00000000a4a00000, 0x00000000a4a00000, 0x00000000a4b00000|  0%| F|  |TS  0|AC  0|TAMS 0x00000000a4a00000, 0x00000000a4a00000|
|  63|0x00000000a4b00000, 0x00000000a4b00000, 0x00000000a4c00000|  0%| F|  |TS  0|AC  0|TAMS 0x00000000a4b00000, 0x00000000a4b00000|
|  64|0x00000000a4c00000, 0x00000000a4c00000, 0x00000000a4d00000|  0%| F|  |TS  0|AC  0|TAMS 0x00000000a4c00000, 0x00000000a4c00000|
|  65|0x00000000a4d00000, 0x00000000a4d00000, 0x00000000a4e00000|  0%| F|  |TS  0|AC  0|TAMS 0x00000000a4d00000, 0x00000000a4d00000|
|  66|0x00000000a4e00000, 0x00000000a4e00000, 0x00000000a4f00000|  0%| F|  |TS  0|AC  0|TAMS 0x00000000a4e00000, 0x00000000a4e00000|
|  67|0x00000000a4f00000, 0x00000000a4f00000, 0x00000000a5000000|  0%| F|  |TS  0|AC  0|TAMS 0x00000000a4f00000, 0x00000000a4f00000|
|  68|0x00000000a5000000, 0x00000000a5000000, 0x00000000a5100000|  0%| F|  |TS  0|AC  0|TAMS 0x00000000a5000000, 0x00000000a5000000|
|  69|0x00000000a5100000, 0x00000000a5100000, 0x00000000a5200000|  0%| F|  |TS  0|AC  0|TAMS 0x00000000a5100000, 0x00000000a5100000|
|  70|0x00000000a5200000, 0x00000000a5200000, 0x00000000a5300000|  0%| F|  |TS  0|AC  0|TAMS 0x00000000a5200000, 0x00000000a5200000|
|  71|0x00000000a5300000, 0x00000000a5300000, 0x00000000a5400000|  0%| F|  |TS  0|AC  0|TAMS 0x00000000a5300000, 0x00000000a5300000|
|  72|0x00000000a5400000, 0x00000000a5400000, 0x00000000a5500000|  0%| F|  |TS  0|AC  0|TAMS 0x00000000a5400000, 0x00000000a5400000|
|  73|0x00000000a5500000, 0x00000000a5500000, 0x00000000a5600000|  0%| F|  |TS  0|AC  0|TAMS 0x00000000a5500000, 0x00000000a5500000|
|  74|0x00000000a5600000, 0x00000000a5600000, 0x00000000a5700000|  0%| F|  |TS  0|AC  0|TAMS 0x00000000a5600000, 0x00000000a5600000|
|  75|0x00000000a5700000, 0x00000000a5700000, 0x00000000a5800000|  0%| F|  |TS  0|AC  0|TAMS 0x00000000a5700000, 0x00000000a5700000|
|  76|0x00000000a5800000, 0x00000000a5800000, 0x00000000a5900000|  0%| F|  |TS  0|AC  0|TAMS 0x00000000a5800000, 0x00000000a5800000|
|  77|0x00000000a5900000, 0x00000000a5900000, 0x00000000a5a00000|  0%| F|  |TS  0|AC  0|TAMS 0x00000000a5900000, 0x00000000a5900000|
|  78|0x00000000a5a00000, 0x00000000a5a00000, 0x00000000a5b00000|  0%| F|  |TS  0|AC  0|TAMS 0x00000000a5a00000, 0x00000000a5a00000|
|  79|0x00000000a5b00000, 0x00000000a5b00000, 0x00000000a5c00000|  0%| F|  |TS  0|AC  0|TAMS 0x00000000a5b00000, 0x00000000a5b00000|
|  80|0x00000000a5c00000, 0x00000000a5c00000, 0x00000000a5d00000|  0%| F|  |TS  0|AC  0|TAMS 0x00000000a5c00000, 0x00000000a5c00000|
|  81|0x00000000a5d00000, 0x00000000a5d00000, 0x00000000a5e00000|  0%| F|  |TS  0|AC  0|TAMS 0x00000000a5d00000, 0x00000000a5d00000|
|  82|0x00000000a5e00000, 0x00000000a5e00000, 0x00000000a5f00000|  0%| F|  |TS  0|AC  0|TAMS 0x00000000a5e00000, 0x00000000a5e00000|
|  83|0x00000000a5f00000, 0x00000000a5f00000, 0x00000000a6000000|  0%| F|  |TS  0|AC  0|TAMS 0x00000000a5f00000, 0x00000000a5f00000|
|  84|0x00000000a6000000, 0x00000000a6000000, 0x00000000a6100000|  0%| F|  |TS  0|AC  0|TAMS 0x00000000a6000000, 0x00000000a6000000|
|  85|0x00000000a6100000, 0x00000000a6100000, 0x00000000a6200000|  0%| F|  |TS  0|AC  0|TAMS 0x00000000a6100000, 0x00000000a6100000|
|  86|0x00000000a6200000, 0x00000000a6200000, 0x00000000a6300000|  0%| F|  |TS  0|AC  0|TAMS 0x00000000a6200000, 0x00000000a6200000|
|  87|0x00000000a6300000, 0x00000000a6300000, 0x00000000a6400000|  0%| F|  |TS  0|AC  0|TAMS 0x00000000a6300000, 0x00000000a6300000|
|  88|0x00000000a6400000, 0x00000000a6400000, 0x00000000a6500000|  0%| F|  |TS  0|AC  0|TAMS 0x00000000a6400000, 0x00000000a6400000|
|  89|0x00000000a6500000, 0x00000000a6500000, 0x00000000a6600000|  0%| F|  |TS  0|AC  0|TAMS 0x00000000a6500000, 0x00000000a6500000|
|  90|0x00000000a6600000, 0x00000000a6600000, 0x00000000a6700000|  0%| F|  |TS  0|AC  0|TAMS 0x00000000a6600000, 0x00000000a6600000|
|  91|0x00000000a6700000, 0x00000000a6700000, 0x00000000a6800000|  0%| F|  |TS  0|AC  0|TAMS 0x00000000a6700000, 0x00000000a6700000|
|  92|0x00000000a6800000, 0x00000000a6800000, 0x00000000a6900000|  0%| F|  |TS  0|AC  0|TAMS 0x00000000a6800000, 0x00000000a6800000|
|  93|0x00000000a6900000, 0x00000000a6900000, 0x00000000a6a00000|  0%| F|  |TS  0|AC  0|TAMS 0x00000000a6900000, 0x00000000a6900000|
|  94|0x00000000a6a00000, 0x00000000a6a482f8, 0x00000000a6b00000| 28%| E|  |TS  0|AC  0|TAMS 0x00000000a6a00000, 0x00000000a6a00000|
|  95|0x00000000a6b00000, 0x00000000a6c00000, 0x00000000a6c00000|100%| E|CS|TS  0|AC  0|TAMS 0x00000000a6b00000, 0x00000000a6b00000|

Card table byte_map: [0x0000023f1c500000,0x0000023f1c800000] byte_map_base: 0x0000023f1bffa000

Marking Bits (Prev, Next): (CMBitMap*) 0x0000023f03d2e730, (CMBitMap*) 0x0000023f03d2e768
 Prev Bits: [0x0000023f1cb00000, 0x0000023f1e2d0000)
 Next Bits: [0x0000023f1e2d0000, 0x0000023f1faa0000)

Polling page: 0x0000023f03b20000

CodeHeap 'non-profiled nmethods': size=120064Kb used=28Kb max_used=28Kb free=120035Kb
 bounds [0x0000023f146a0000, 0x0000023f14910000, 0x0000023f1bbe0000]
CodeHeap 'profiled nmethods': size=120000Kb used=149Kb max_used=149Kb free=119851Kb
 bounds [0x0000023f0d170000, 0x0000023f0d3e0000, 0x0000023f146a0000]
CodeHeap 'non-nmethods': size=5696Kb used=1061Kb max_used=1073Kb free=4634Kb
 bounds [0x0000023f0cbe0000, 0x0000023f0ce50000, 0x0000023f0d170000]
 total_blobs=378 nmethods=97 adapters=144
 compilation: enabled

Compilation events (10 events):
Event: 1.074 Thread 0x0000023f22ddb800   92       3       jdk.internal.module.ModuleBootstrap$2::next (52 bytes)
Event: 1.075 Thread 0x0000023f22ddb800 nmethod 92 0x0000023f0d193a10 code [0x0000023f0d193c20, 0x0000023f0d194190]
Event: 1.075 Thread 0x0000023f22ddb800   93       3       java.util.HashMap::putIfAbsent (13 bytes)
Event: 1.076 Thread 0x0000023f22ddb800 nmethod 93 0x0000023f0d194390 code [0x0000023f0d194560, 0x0000023f0d1948c0]
Event: 1.076 Thread 0x0000023f22ddb800   95       1       java.lang.Module::getDescriptor (5 bytes)
Event: 1.076 Thread 0x0000023f22ddb800 nmethod 95 0x0000023f146a6e90 code [0x0000023f146a7040, 0x0000023f146a7158]
Event: 1.089 Thread 0x0000023f22ddb800   96       3       java.util.ImmutableCollections$SetN::iterator (9 bytes)
Event: 1.090 Thread 0x0000023f22ddb800 nmethod 96 0x0000023f0d194a10 code [0x0000023f0d194be0, 0x0000023f0d194eb8]
Event: 1.095 Thread 0x0000023f22ddb800   97       3       java.lang.String::length (11 bytes)
Event: 1.095 Thread 0x0000023f22ddb800 nmethod 97 0x0000023f0d194f90 code [0x0000023f0d195140, 0x0000023f0d195338]

GC Heap History (0 events):
No events

Deoptimization events (0 events):
No events

Classes redefined (0 events):
No events

Internal exceptions (0 events):
No events

Events (10 events):
Event: 1.069 loading class jdk/internal/module/ModuleBootstrap$2
Event: 1.069 loading class jdk/internal/module/ModuleBootstrap$2 done
Event: 1.091 loading class java/util/HashMap$EntrySet
Event: 1.092 loading class java/util/HashMap$EntrySet done
Event: 1.092 loading class java/util/HashMap$EntryIterator
Event: 1.092 loading class java/util/HashMap$EntryIterator done
Event: 1.093 loading class jdk/internal/module/IllegalAccessLogger
Event: 1.093 loading class jdk/internal/module/IllegalAccessLogger done
Event: 1.095 loading class jdk/internal/vm/VMSupport
Event: 1.096 loading class jdk/internal/vm/VMSupport done


Dynamic libraries:
0x00007ff7ec230000 - 0x00007ff7ec26e000 	C:\Program Files\Java\jre-10\bin\javaw.exe
0x00007ffb69c50000 - 0x00007ffb69e31000 	C:\WINDOWS\SYSTEM32\ntdll.dll
0x00007ffb687d0000 - 0x00007ffb68882000 	C:\WINDOWS\System32\KERNEL32.DLL
0x00007ffb66e10000 - 0x00007ffb67083000 	C:\WINDOWS\System32\KERNELBASE.dll
0x000000006b4f0000 - 0x000000006b80b000 	C:\Program Files (x86)\Norton Security Suite\NortonData\22.5.2.15\Definitions\IPSDefs\20180808.001\IPSEng64.dll
0x00007ffb68ca0000 - 0x00007ffb68d41000 	C:\WINDOWS\System32\ADVAPI32.dll
0x00007ffb69b20000 - 0x00007ffb69bbe000 	C:\WINDOWS\System32\msvcrt.dll
0x00007ffb69bc0000 - 0x00007ffb69c1b000 	C:\WINDOWS\System32\sechost.dll
0x00007ffb69070000 - 0x00007ffb69194000 	C:\WINDOWS\System32\RPCRT4.dll
0x00007ffb68d50000 - 0x00007ffb68d58000 	C:\WINDOWS\System32\PSAPI.DLL
0x00007ffb68890000 - 0x00007ffb68a20000 	C:\WINDOWS\System32\USER32.dll
0x00007ffb66930000 - 0x00007ffb66950000 	C:\WINDOWS\System32\win32u.dll
0x00007ffb68c00000 - 0x00007ffb68c28000 	C:\WINDOWS\System32\GDI32.dll
0x00007ffb66790000 - 0x00007ffb66922000 	C:\WINDOWS\System32\gdi32full.dll
0x00007ffb66d70000 - 0x00007ffb66e0f000 	C:\WINDOWS\System32\msvcp_win.dll
0x00007ffb66950000 - 0x00007ffb66a4a000 	C:\WINDOWS\System32\ucrtbase.dll
0x00007ffb64a10000 - 0x00007ffb64c79000 	C:\WINDOWS\WinSxS\amd64_microsoft.windows.common-controls_6595b64144ccf1df_6.0.17134.165_none_fb429645306569ac\COMCTL32.dll
0x00007ffb69390000 - 0x00007ffb696b3000 	C:\WINDOWS\System32\combase.dll
0x00007ffb66cf0000 - 0x00007ffb66d6a000 	C:\WINDOWS\System32\bcryptPrimitives.dll
0x00007ffb57cc0000 - 0x00007ffb57cca000 	C:\WINDOWS\SYSTEM32\VERSION.dll
0x00007ffb670e0000 - 0x00007ffb6710d000 	C:\WINDOWS\System32\IMM32.DLL
0x00007ffb4fb80000 - 0x00007ffb4fc6f000 	C:\Program Files\Java\jre-10\bin\msvcr120.dll
0x00007ffb4f2e0000 - 0x00007ffb4f386000 	C:\Program Files\Java\jre-10\bin\msvcp120.dll
0x000000006bb40000 - 0x000000006c5af000 	C:\Program Files\Java\jre-10\bin\server\jvm.dll
0x00007ffb5a090000 - 0x00007ffb5a099000 	C:\WINDOWS\SYSTEM32\WSOCK32.dll
0x00007ffb68c30000 - 0x00007ffb68c9c000 	C:\WINDOWS\System32\WS2_32.dll
0x00007ffb62820000 - 0x00007ffb62843000 	C:\WINDOWS\SYSTEM32\WINMM.dll
0x00007ffb627f0000 - 0x00007ffb6281a000 	C:\WINDOWS\SYSTEM32\WINMMBASE.dll
0x00007ffb67090000 - 0x00007ffb670d9000 	C:\WINDOWS\System32\cfgmgr32.dll
0x00007ffb5a150000 - 0x00007ffb5a15f000 	C:\Program Files\Java\jre-10\bin\verify.dll
0x00007ffb65b20000 - 0x00007ffb65ce9000 	C:\WINDOWS\SYSTEM32\DBGHELP.DLL
0x00007ffb655d0000 - 0x00007ffb655f9000 	C:\WINDOWS\SYSTEM32\dbgcore.DLL
0x00007ffb55670000 - 0x00007ffb55697000 	C:\Program Files\Java\jre-10\bin\java.dll
0x00007ffb52790000 - 0x00007ffb527c6000 	C:\Program Files\Java\jre-10\bin\jdwp.dll
0x00007ffb54400000 - 0x00007ffb54416000 	C:\Program Files\Java\jre-10\bin\zip.dll
0x00007ffb55380000 - 0x00007ffb5538a000 	C:\Program Files\Java\jre-10\bin\jimage.dll
0x00007ffb67220000 - 0x00007ffb68660000 	C:\WINDOWS\System32\SHELL32.dll
0x00007ffb67110000 - 0x00007ffb671b9000 	C:\WINDOWS\System32\shcore.dll
0x00007ffb66080000 - 0x00007ffb6678d000 	C:\WINDOWS\System32\windows.storage.dll
0x00007ffb69240000 - 0x00007ffb69291000 	C:\WINDOWS\System32\shlwapi.dll
0x00007ffb65fb0000 - 0x00007ffb65fc1000 	C:\WINDOWS\System32\kernel.appcore.dll
0x00007ffb65f60000 - 0x00007ffb65f7f000 	C:\WINDOWS\System32\profapi.dll
0x00007ffb65fd0000 - 0x00007ffb6601c000 	C:\WINDOWS\System32\powrprof.dll
0x00007ffb65fa0000 - 0x00007ffb65faa000 	C:\WINDOWS\System32\FLTLIB.DLL
0x00007ffb52780000 - 0x00007ffb5278a000 	C:\Program Files\Java\jre-10\bin\dt_socket.dll
0x00007ffb65510000 - 0x00007ffb65576000 	C:\WINDOWS\System32\mswsock.dll
0x00007ffb652d0000 - 0x00007ffb6538e000 	C:\WINDOWS\SYSTEM32\DNSAPI.dll
0x00007ffb696c0000 - 0x00007ffb696c8000 	C:\WINDOWS\System32\NSI.dll
0x00007ffb65290000 - 0x00007ffb652c8000 	C:\WINDOWS\SYSTEM32\IPHLPAPI.DLL
0x00007ffb59ee0000 - 0x00007ffb59f52000 	C:\WINDOWS\System32\fwpuclnt.dll
0x00007ffb65af0000 - 0x00007ffb65b15000 	C:\WINDOWS\SYSTEM32\bcrypt.dll
0x00007ffb5aa30000 - 0x00007ffb5aa3a000 	C:\Windows\System32\rasadhlp.dll

dbghelp: loaded successfully - version: 4.0.5 - missing functions: none
symbol engine: initialized successfully - sym options: 0x614 - pdb path: .;C:\Program Files\Java\jre-10\bin;C:\WINDOWS\SYSTEM32;C:\Program Files (x86)\Norton Security Suite\NortonData\22.5.2.15\Definitions\IPSDefs\20180808.001;C:\WINDOWS\WinSxS\amd64_microsoft.windows.common-controls_6595b64144ccf1df_6.0.17134.165_none_fb429645306569ac;C:\Program Files\Java\jre-10\bin\server

VM Arguments:
jvm_args: -agentlib:jdwp=transport=dt_socket,suspend=y,address=localhost:61666 -Dfile.encoding=Cp1252 
java_command: banking.MyBank
java_class_path (initial): C:\Users\curt1020\eclipse-workspace\ATM\bin
Launcher Type: SUN_STANDARD

Logging:
Log output configuration:
#0: stdout all=warning uptime,level,tags
#1: stderr all=off uptime,level,tags

Environment Variables:
PATH=C:\ProgramData\Oracle\Java\javapath;c:\users\curt1020\gcc\bin;c:\users\curt1020\gcc\libexec\gcc\x86_64-pc-mingw32\4.9.0;C:\Program Files (x86)\HP SimplePass 2011\x64;C:\Program Files (x86)\HP SimplePass 2011\;;C:\Program Files\Broadcom\Broadcom 802.11\Driver;C:\Program Files\Common Files\Microsoft Shared\Windows Live;C:\Program Files (x86)\Common Files\Microsoft Shared\Windows Live;C:\Windows\system32;C:\Windows;C:\Windows\System32\Wbem;C:\Windows\System32\WindowsPowerShell\v1.0\;C:\Program Files (x86)\Common Files\Roxio Shared\DLLShared\;C:\Program Files (x86)\Common Files\Roxio Shared\12.0\DLLShared\;C:\Program Files (x86)\Windows Live\Shared;C:\Program Files\WIDCOMM\Bluetooth Software\;C:\Program Files\WIDCOMM\Bluetooth Software\syswow64;C:\Program Files\Broadcom\WHL\;C:\Program Files\Broadcom\WHL\syswow64;C:\Program Files\Broadcom\WHL\SysWow64\;C:\Program Files\Broadcom\WHL\SysWow64\syswow64;C:\Program Files (x86)\Intel\Services\IPT\;c:\Program Files (x86)\Microsoft SQL Server\100\Tools\Binn\;c:\Program Files\Microsoft SQL Server\100\Tools\Binn\;c:\Program Files\Microsoft SQL Server\100\DTS\Binn\;C:\Program Files (x86)\Microsoft ASP.NET\ASP.NET Web Pages\v1.0\;C:\Program Files\Microsoft SQL Server\110\Tools\Binn\;C:\Program Files\Microsoft\Web Platform Installer\;C:\Users\curt1020\AppData\Local\Smartbar\Application\;C:\Users\curt1020\AppData\Local\Smartbar\Application\???
?%;C:\Program Files (x86)\Windows Kits\8.0\Windows Performance Toolkit\;C:\Program Files (x86)\MySQL\MySQL Fabric 1.5 & MySQL Utilities 1.5\;C:\Program Files (x86)\MySQL\MySQL Fabric 1.5 & MySQL Utilities 1.5\Doctrine extensions for PHP\;C:\Program Files (x86)\Skype\Phone\;C:\WINDOWS\system32;C:\WINDOWS;C:\WINDOWS\System32\Wbem;C:\WINDOWS\System32\WindowsPowerShell\v1.0\;C:\WINDOWS\System32\OpenSSH\;;C:\Users\curt1020\AppData\Local\Microsoft\WindowsApps
USERNAME=curt1020
OS=Windows_NT
PROCESSOR_IDENTIFIER=Intel64 Family 6 Model 42 Stepping 7, GenuineIntel



---------------  S Y S T E M  ---------------

OS: Windows 10 , 64 bit Build 17134 (10.0.17134.1)

CPU:total 4 (initial active 4) (2 cores per cpu, 2 threads per core) family 6 model 42 stepping 7, cmov, cx8, fxsr, mmx, sse, sse2, sse3, ssse3, sse4.1, sse4.2, popcnt, avx, clmul, ht, tsc, tscinvbit

Memory: 4k page, physical 6238060k(2882200k free), swap 7261036k(736k free)

vm_info: Java HotSpot(TM) 64-Bit Server VM (10+46) for windows-amd64 JRE (10+46), built on Mar  8 2018 02:11:18 by "mach5one" with MS VC++ 12.0 (VS2013)

END.
