#
# There is insufficient memory for the Java Runtime Environment to continue.
# Native memory allocation (mmap) failed to map 100663296 bytes for Failed to commit area from 0x00000000a0c00000 to 0x00000000a6c00000 of length 100663296.
# Possible reasons:
#   The system is out of physical RAM or swap space
#   The process is running with CompressedOops enabled, and the Java Heap may be blocking the growth of the native heap
# Possible solutions:
#   Reduce memory load on the system
#   Increase physical memory or swap space
#   Check if swap backing store is full
#   Decrease Java heap size (-Xmx/-Xms)
#   Decrease number of Java threads
#   Decrease Java thread stack sizes (-Xss)
#   Set larger code cache with -XX:ReservedCodeCacheSize=
# This output file may be truncated or incomplete.
#
#  Out of Memory Error (t:/workspace/open/src/hotspot/os/windows/os_windows.cpp:3221), pid=14496, tid=14428
#
# JRE version:  (10.0+46) (build )
# Java VM: Java HotSpot(TM) 64-Bit Server VM (10+46, mixed mode, aot, tiered, compressed oops, g1 gc, windows-amd64)
# No core dump will be written. Minidumps are not enabled by default on client versions of Windows
#

---------------  S U M M A R Y ------------

Command Line: -agentlib:jdwp=transport=dt_socket,suspend=y,address=localhost:64765 -Dfile.encoding=Cp1252 banking.MyBank

Host: Intel(R) Core(TM) i3-2350M CPU @ 2.30GHz, 4 cores, 5G,  Windows 10 , 64 bit Build 17134 (10.0.17134.1)
Time: Sat Aug 04 12:37:24 2018 Central Daylight Time elapsed time: 0 seconds (0d 0h 0m 0s)

---------------  T H R E A D  ---------------

Current thread (0x00000246e4473000):  JavaThread "Unknown thread" [_thread_in_vm, id=14428, stack(0x0000009184a00000,0x0000009184b00000)]

Stack: [0x0000009184a00000,0x0000009184b00000]
Native frames: (J=compiled Java code, j=interpreted, Vv=VM code, C=native code)
V  [jvm.dll+0x59fbf9]
V  [jvm.dll+0x6bca11]
V  [jvm.dll+0x6bdc06]
V  [jvm.dll+0x6be293]
V  [jvm.dll+0x234ba8]
V  [jvm.dll+0x59d4f4]
V  [jvm.dll+0x592345]
V  [jvm.dll+0x2f633b]
V  [jvm.dll+0x2f62a5]
V  [jvm.dll+0x2f6182]
V  [jvm.dll+0x2f8376]
V  [jvm.dll+0x3441f3]
V  [jvm.dll+0x344906]
V  [jvm.dll+0x3442f3]
V  [jvm.dll+0x2c4758]
V  [jvm.dll+0x2c58a1]
V  [jvm.dll+0x69ce1b]
V  [jvm.dll+0x69e63c]
V  [jvm.dll+0x351909]
V  [jvm.dll+0x685282]
V  [jvm.dll+0x3ba143]
V  [jvm.dll+0x3bc321]
C  [javaw.exe+0x3541]
C  [javaw.exe+0xe1cf]
C  [javaw.exe+0xe376]
C  [KERNEL32.DLL+0x13034]
C  [ntdll.dll+0x71431]


---------------  P R O C E S S  ---------------

Threads class SMR info:
_java_thread_list=0x00000246e22a2d60, length=0, elements={
}

Java Threads: ( => current thread )

Other Threads:
  0x00000246e448c800 GCTaskThread "GC Thread#0" [stack: 0x0000009184b00000,0x0000009184c00000] [id=15456]
  0x00000246e448d800 GCTaskThread "GC Thread#1" [stack: 0x0000009184c00000,0x0000009184d00000] [id=10008]
  0x00000246e4491800 GCTaskThread "GC Thread#2" [stack: 0x0000009184d00000,0x0000009184e00000] [id=10812]
  0x00000246e4493000 GCTaskThread "GC Thread#3" [stack: 0x0000009184e00000,0x0000009184f00000] [id=8464]
  0x00000246e44f1000 ConcurrentGCThread "G1 Main Marker" [stack: 0x0000009184f00000,0x0000009185000000] [id=6288]
  0x00000246e44f2000 ConcurrentGCThread "G1 Conc#0" [stack: 0x0000009185000000,0x0000009185100000] [id=10168]

[error occurred during error reporting (printing all threads), id 0xe0000002]

VM state:not at safepoint (not fully initialized)

VM Mutex/Monitor currently owned by a thread:  ([mutex/lock_event])
[0x00000246e4470bb0] Heap_lock - owner thread: 0x00000246e4473000

Heap address: 0x00000000a0c00000, size: 1524 MB, Compressed Oops mode: Non-zero based: 0x00000000a0c00000
Narrow klass base: 0x0000000000000000, Narrow klass shift: 0

GC Heap History (0 events):
No events

Deoptimization events (0 events):
No events

Classes redefined (0 events):
No events

Internal exceptions (0 events):
No events

Events (0 events):
No events


Dynamic libraries:
0x00007ff742f30000 - 0x00007ff742f6e000 	C:\Program Files\Java\jre-10\bin\javaw.exe
0x00007ffd92bf0000 - 0x00007ffd92dd1000 	C:\WINDOWS\SYSTEM32\ntdll.dll
0x00007ffd90890000 - 0x00007ffd90942000 	C:\WINDOWS\System32\KERNEL32.DLL
0x00007ffd8f2e0000 - 0x00007ffd8f553000 	C:\WINDOWS\System32\KERNELBASE.dll
0x0000000072d80000 - 0x000000007309b000 	C:\Program Files (x86)\Norton Security Suite\NortonData\22.5.2.15\Definitions\IPSDefs\20180803.061\IPSEng64.dll
0x00007ffd90080000 - 0x00007ffd90121000 	C:\WINDOWS\System32\ADVAPI32.dll
0x00007ffd92840000 - 0x00007ffd928de000 	C:\WINDOWS\System32\msvcrt.dll
0x00007ffd906b0000 - 0x00007ffd9070b000 	C:\WINDOWS\System32\sechost.dll
0x00007ffd92340000 - 0x00007ffd92464000 	C:\WINDOWS\System32\RPCRT4.dll
0x00007ffd90710000 - 0x00007ffd90718000 	C:\WINDOWS\System32\PSAPI.DLL
0x00007ffd92920000 - 0x00007ffd92ab0000 	C:\WINDOWS\System32\USER32.dll
0x00007ffd8ffc0000 - 0x00007ffd8ffe0000 	C:\WINDOWS\System32\win32u.dll
0x00007ffd90130000 - 0x00007ffd90158000 	C:\WINDOWS\System32\GDI32.dll
0x00007ffd8f0c0000 - 0x00007ffd8f252000 	C:\WINDOWS\System32\gdi32full.dll
0x00007ffd8ffe0000 - 0x00007ffd9007f000 	C:\WINDOWS\System32\msvcp_win.dll
0x00007ffd8efc0000 - 0x00007ffd8f0ba000 	C:\WINDOWS\System32\ucrtbase.dll
0x00007ffd8dd40000 - 0x00007ffd8dfa9000 	C:\WINDOWS\WinSxS\amd64_microsoft.windows.common-controls_6595b64144ccf1df_6.0.17134.165_none_fb429645306569ac\COMCTL32.dll
0x00007ffd92010000 - 0x00007ffd92333000 	C:\WINDOWS\System32\combase.dll
0x00007ffd8f260000 - 0x00007ffd8f2da000 	C:\WINDOWS\System32\bcryptPrimitives.dll
0x00007ffd84e50000 - 0x00007ffd84e5a000 	C:\WINDOWS\SYSTEM32\VERSION.dll
0x00007ffd928e0000 - 0x00007ffd9290d000 	C:\WINDOWS\System32\IMM32.DLL
0x00007ffd75b50000 - 0x00007ffd75c3f000 	C:\Program Files\Java\jre-10\bin\msvcr120.dll
0x00007ffd740f0000 - 0x00007ffd74196000 	C:\Program Files\Java\jre-10\bin\msvcp120.dll
0x00000000730a0000 - 0x0000000073b0f000 	C:\Program Files\Java\jre-10\bin\server\jvm.dll
0x00007ffd88210000 - 0x00007ffd88219000 	C:\WINDOWS\SYSTEM32\WSOCK32.dll
0x00007ffd92b50000 - 0x00007ffd92bbc000 	C:\WINDOWS\System32\WS2_32.dll
0x00007ffd89100000 - 0x00007ffd89123000 	C:\WINDOWS\SYSTEM32\WINMM.dll
0x00007ffd890d0000 - 0x00007ffd890fa000 	C:\WINDOWS\SYSTEM32\WINMMBASE.dll
0x00007ffd8fec0000 - 0x00007ffd8ff09000 	C:\WINDOWS\System32\cfgmgr32.dll
0x00007ffd7c260000 - 0x00007ffd7c26f000 	C:\Program Files\Java\jre-10\bin\verify.dll
0x00007ffd87980000 - 0x00007ffd87b49000 	C:\WINDOWS\SYSTEM32\DBGHELP.DLL
0x00007ffd87c10000 - 0x00007ffd87c39000 	C:\WINDOWS\SYSTEM32\dbgcore.DLL
0x00007ffd75f70000 - 0x00007ffd75f97000 	C:\Program Files\Java\jre-10\bin\java.dll
0x00007ffd81300000 - 0x00007ffd81336000 	C:\Program Files\Java\jre-10\bin\jdwp.dll
0x00007ffd736a0000 - 0x00007ffd736b6000 	C:\Program Files\Java\jre-10\bin\zip.dll
0x00007ffd7c250000 - 0x00007ffd7c25a000 	C:\Program Files\Java\jre-10\bin\jimage.dll

dbghelp: loaded successfully - version: 4.0.5 - missing functions: none
symbol engine: initialized successfully - sym options: 0x614 - pdb path: .;C:\Program Files\Java\jre-10\bin;C:\WINDOWS\SYSTEM32;C:\Program Files (x86)\Norton Security Suite\NortonData\22.5.2.15\Definitions\IPSDefs\20180803.061;C:\WINDOWS\WinSxS\amd64_microsoft.windows.common-controls_6595b64144ccf1df_6.0.17134.165_none_fb429645306569ac;C:\Program Files\Java\jre-10\bin\server

VM Arguments:
jvm_args: -agentlib:jdwp=transport=dt_socket,suspend=y,address=localhost:64765 -Dfile.encoding=Cp1252 
java_command: banking.MyBank
java_class_path (initial): C:\Users\curt1020\eclipse-workspace\ATM\bin
Launcher Type: SUN_STANDARD

Logging:
Log output configuration:
#0: stdout all=warning uptime,level,tags
#1: stderr all=off uptime,level,tags

Environment Variables:
PATH=C:\ProgramData\Oracle\Java\javapath;c:\users\curt1020\gcc\bin;c:\users\curt1020\gcc\libexec\gcc\x86_64-pc-mingw32\4.9.0;C:\Program Files (x86)\HP SimplePass 2011\x64;C:\Program Files (x86)\HP SimplePass 2011\;;C:\Program Files\Broadcom\Broadcom 802.11\Driver;C:\Program Files\Common Files\Microsoft Shared\Windows Live;C:\Program Files (x86)\Common Files\Microsoft Shared\Windows Live;C:\Windows\system32;C:\Windows;C:\Windows\System32\Wbem;C:\Windows\System32\WindowsPowerShell\v1.0\;C:\Program Files (x86)\Common Files\Roxio Shared\DLLShared\;C:\Program Files (x86)\Common Files\Roxio Shared\12.0\DLLShared\;C:\Program Files (x86)\Windows Live\Shared;C:\Program Files\WIDCOMM\Bluetooth Software\;C:\Program Files\WIDCOMM\Bluetooth Software\syswow64;C:\Program Files\Broadcom\WHL\;C:\Program Files\Broadcom\WHL\syswow64;C:\Program Files\Broadcom\WHL\SysWow64\;C:\Program Files\Broadcom\WHL\SysWow64\syswow64;C:\Program Files (x86)\Intel\Services\IPT\;c:\Program Files (x86)\Microsoft SQL Server\100\Tools\Binn\;c:\Program Files\Microsoft SQL Server\100\Tools\Binn\;c:\Program Files\Microsoft SQL Server\100\DTS\Binn\;C:\Program Files (x86)\Microsoft ASP.NET\ASP.NET Web Pages\v1.0\;C:\Program Files\Microsoft SQL Server\110\Tools\Binn\;C:\Program Files\Microsoft\Web Platform Installer\;C:\Users\curt1020\AppData\Local\Smartbar\Application\;C:\Users\curt1020\AppData\Local\Smartbar\Application\???
?%;C:\Program Files (x86)\Windows Kits\8.0\Windows Performance Toolkit\;C:\Program Files (x86)\MySQL\MySQL Fabric 1.5 & MySQL Utilities 1.5\;C:\Program Files (x86)\MySQL\MySQL Fabric 1.5 & MySQL Utilities 1.5\Doctrine extensions for PHP\;C:\Program Files (x86)\Skype\Phone\;C:\WINDOWS\system32;C:\WINDOWS;C:\WINDOWS\System32\Wbem;C:\WINDOWS\System32\WindowsPowerShell\v1.0\;C:\WINDOWS\System32\OpenSSH\;;C:\Users\curt1020\AppData\Local\Microsoft\WindowsApps
USERNAME=curt1020
OS=Windows_NT
PROCESSOR_IDENTIFIER=Intel64 Family 6 Model 42 Stepping 7, GenuineIntel



---------------  S Y S T E M  ---------------

OS: Windows 10 , 64 bit Build 17134 (10.0.17134.1)

CPU:total 4 (initial active 4) (2 cores per cpu, 2 threads per core) family 6 model 42 stepping 7, cmov, cx8, fxsr, mmx, sse, sse2, sse3, ssse3, sse4.1, sse4.2, popcnt, avx, clmul, ht, tsc, tscinvbit

Memory: 4k page, physical 6238060k(2598160k free), swap 7260920k(77820k free)

vm_info: Java HotSpot(TM) 64-Bit Server VM (10+46) for windows-amd64 JRE (10+46), built on Mar  8 2018 02:11:18 by "mach5one" with MS VC++ 12.0 (VS2013)

END.
